<?xml version="1.0" encoding="UTF-8" ?>
<testsuite errors="0" failures="0" hostname="KAREEMHALABI-PC" name="ca.mcgill.ecse321.HAS.AllTests" skipped="0" tests="65" time="4.516" timestamp="2016-04-11T01:17:39">
  <properties>
[...]
</properties>
  <testcase classname="ca.mcgill.ecse321.controller.TestHASController" name="testAddSongSamePosition" time="0.154" />
  <testcase classname="ca.mcgill.ecse321.controller.TestHASController" name="testAddSongNoName" time="0.051" />
  <testcase classname="ca.mcgill.ecse321.controller.TestHASController" name="testCreateArtistNoName" time="0.0" />
  <testcase classname="ca.mcgill.ecse321.controller.TestHASController" name="testCreateAlbumAndAddSong" time="0.037" />
  <testcase classname="ca.mcgill.ecse321.controller.TestHASController" name="testAddSongNoPosition" time="0.013" />
  <testcase classname="ca.mcgill.ecse321.controller.TestHASController" name="testAddSongNoAlbum" time="0.001" />
  <testcase classname="ca.mcgill.ecse321.controller.TestHASController" name="addSongManyFeatured" time="0.053" />
  <testcase classname="ca.mcgill.ecse321.controller.TestHASController" name="testCreateAlbumPresentReleaseDate" time="0.012" />
  <testcase classname="ca.mcgill.ecse321.controller.TestHASController" name="addSongNoFeatured" time="0.024" />
  <testcase classname="ca.mcgill.ecse321.controller.TestHASController" name="testCreatAlbumNoGenre" time="0.0" />
  <testcase classname="ca.mcgill.ecse321.controller.TestHASController" name="testCreateAlbumNoReleaseDate" time="0.0" />
  <testcase classname="ca.mcgill.ecse321.controller.TestHASController" name="testAddSongNoDuration" time="0.011" />
  <testcase classname="ca.mcgill.ecse321.controller.TestHASController" name="testCreateAlbumNoArtist" time="0.0" />
  <testcase classname="ca.mcgill.ecse321.controller.TestHASController" name="testCreateAlbumFutureReleaseDate" time="0.013" />
  <testcase classname="ca.mcgill.ecse321.controller.TestHASController" name="testCreateAlbumNoName" time="0.0" />
  <testcase classname="ca.mcgill.ecse321.controller.TestHASController" name="testCreateAlbumAndAddThreeSongs" time="0.115" />
  <testcase classname="ca.mcgill.ecse321.controller.TestHASController" name="testCreateArtist" time="0.01" />
  <testcase classname="ca.mcgill.ecse321.persistence.TestPersistence" name="test" time="0.099" />
  <testcase classname="ca.mcgill.ecse321.controller.TestHASControllerPlaylistAndRoom" name="testCreateRoomGroupMultipleRooms" time="0.097" />
  <testcase classname="ca.mcgill.ecse321.controller.TestHASControllerPlaylistAndRoom" name="testMultipleRoomGroups" time="0.107" />
  <testcase classname="ca.mcgill.ecse321.controller.TestHASControllerPlaylistAndRoom" name="testSetRoomMuteNoRoom" time="0.023" />
  <testcase classname="ca.mcgill.ecse321.controller.TestHASControllerPlaylistAndRoom" name="testSetRoomGroupMuteNoRoomGroup" time="0.029" />
  <testcase classname="ca.mcgill.ecse321.controller.TestHASControllerPlaylistAndRoom" name="testSetRoomVolume" time="0.074" />
  <testcase classname="ca.mcgill.ecse321.controller.TestHASControllerPlaylistAndRoom" name="testAddRoomToGroupRoomNoRoom" time="0.053" />
  <testcase classname="ca.mcgill.ecse321.controller.TestHASControllerPlaylistAndRoom" name="testAddSongToPlaylistNoPlaylist" time="0.02" />
  <testcase classname="ca.mcgill.ecse321.controller.TestHASControllerPlaylistAndRoom" name="testSetRoomGroupVolume" time="0.079" />
  <testcase classname="ca.mcgill.ecse321.controller.TestHASControllerPlaylistAndRoom" name="testAddFeaturedArtistNoArtist" time="0.02" />
  <testcase classname="ca.mcgill.ecse321.controller.TestHASControllerPlaylistAndRoom" name="testAddSongToPlaylist" time="0.06" />
  <testcase classname="ca.mcgill.ecse321.controller.TestHASControllerPlaylistAndRoom" name="testAddRoomToGroupRoom" time="0.069" />
  <testcase classname="ca.mcgill.ecse321.controller.TestHASControllerPlaylistAndRoom" name="testSetRoomGroupVolumeNoRoomGroup" time="0.021" />
  <testcase classname="ca.mcgill.ecse321.controller.TestHASControllerPlaylistAndRoom" name="testSetRoomGroupMuteRoomGroupFalse" time="0.071" />
  <testcase classname="ca.mcgill.ecse321.controller.TestHASControllerPlaylistAndRoom" name="testCreatePlaylistManySongs" time="0.046" />
  <testcase classname="ca.mcgill.ecse321.controller.TestHASControllerPlaylistAndRoom" name="testCreatePlaylistNoName" time="0.019" />
  <testcase classname="ca.mcgill.ecse321.controller.TestHASControllerPlaylistAndRoom" name="testCreatePlaylistNoSong" time="0.022" />
  <testcase classname="ca.mcgill.ecse321.controller.TestHASControllerPlaylistAndRoom" name="testCreateRoom" time="0.029" />
  <testcase classname="ca.mcgill.ecse321.controller.TestHASControllerPlaylistAndRoom" name="testCreateRoomGroupNoName" time="0.027" />
  <testcase classname="ca.mcgill.ecse321.controller.TestHASControllerPlaylistAndRoom" name="testCreateRoomGroupNoInitialRoom" time="0.02" />
  <testcase classname="ca.mcgill.ecse321.controller.TestHASControllerPlaylistAndRoom" name="testCreateRoomGroupOneRoom" time="0.047" />
  <testcase classname="ca.mcgill.ecse321.controller.TestHASControllerPlaylistAndRoom" name="testSetRoomGroupMuteRoomGroup" time="0.053" />
  <testcase classname="ca.mcgill.ecse321.controller.TestHASControllerPlaylistAndRoom" name="testAddRoomToGroupRoomNoGroup" time="0.027" />
  <testcase classname="ca.mcgill.ecse321.controller.TestHASControllerPlaylistAndRoom" name="testSetRoomGroupZeroVolume" time="0.065" />
  <testcase classname="ca.mcgill.ecse321.controller.TestHASControllerPlaylistAndRoom" name="testSetRoomMute" time="0.031" />
  <testcase classname="ca.mcgill.ecse321.controller.TestHASControllerPlaylistAndRoom" name="testAddFeaturedArtist" time="0.044" />
  <testcase classname="ca.mcgill.ecse321.controller.TestHASControllerPlaylistAndRoom" name="testSetRoomVolumeZeroVolume" time="0.06" />
  <testcase classname="ca.mcgill.ecse321.controller.TestHASControllerPlaylistAndRoom" name="testAddSongToPlaylistNoSong" time="0.034" />
  <testcase classname="ca.mcgill.ecse321.controller.TestHASControllerPlaylistAndRoom" name="testCreateRoomNoName" time="0.018" />
  <testcase classname="ca.mcgill.ecse321.controller.TestHASControllerPlaylistAndRoom" name="testSetRoomVolumeNoRoom" time="0.018" />
  <testcase classname="ca.mcgill.ecse321.controller.TestHASControllerPlaylistAndRoom" name="testAddFeaturedArtistNoSong" time="0.017" />
  <testcase classname="ca.mcgill.ecse321.controller.TestHASControllerPlay" name="testPlaySongNoRoomGroup" time="0.036" />
  <testcase classname="ca.mcgill.ecse321.controller.TestHASControllerPlay" name="testPlayPlayableRoomGroup" time="0.042" />
  <testcase classname="ca.mcgill.ecse321.controller.TestHASControllerPlay" name="testPlayPlayableNoSingleRoom" time="0.03" />
  <testcase classname="ca.mcgill.ecse321.controller.TestHASControllerPlay" name="testPlayPlayableSingleRoom" time="0.03" />
  <testcase classname="ca.mcgill.ecse321.controller.TestHASControllerPlay" name="testPlayNoPlayableSingleRoom" time="0.026" />
  <testcase classname="ca.mcgill.ecse321.controller.TestHASControllerPlay" name="testPlayNoPlayableRoomGroup" time="0.046" />
  <testcase classname="ca.mcgill.ecse321.controller.TestSorting" name="testSortRoomGroupsNoRGs" time="0.082" />
  <testcase classname="ca.mcgill.ecse321.controller.TestSorting" name="testSortAlbums" time="0.17" />
  <testcase classname="ca.mcgill.ecse321.controller.TestSorting" name="testSortAlbumsNoAlbums" time="0.029" />
  <testcase classname="ca.mcgill.ecse321.controller.TestSorting" name="testSortPlaylists" time="0.03" />
  <testcase classname="ca.mcgill.ecse321.controller.TestSorting" name="testSortArtists" time="0.029" />
  <testcase classname="ca.mcgill.ecse321.controller.TestSorting" name="testSortArtistNoArtists" time="0.022" />
  <testcase classname="ca.mcgill.ecse321.controller.TestSorting" name="testSortPlaylistsNoPlaylists" time="0.025" />
  <testcase classname="ca.mcgill.ecse321.controller.TestSorting" name="testSortRoomGroups" time="0.221" />
  <testcase classname="ca.mcgill.ecse321.controller.TestSorting" name="testSortRooms" time="0.053" />
  <testcase classname="ca.mcgill.ecse321.controller.TestSorting" name="testSortSongs" time="0.287" />
  <testcase classname="ca.mcgill.ecse321.controller.TestSorting" name="testSortRoomsNoRooms" time="0.046" />
  <system-out><![CDATA[]]></system-out>
  <system-err><![CDATA[]]></system-err>
</testsuite>
